12:41:34.361 INFO [GridLauncherV3.launch] - Selenium build info: version: '3.14.0', revision: 'aacccce0'
12:41:34.364 INFO [GridLauncherV3$1.launch] - Launching a standalone Selenium Server on port 4444
2018-08-18 12:41:34.513:INFO::main: Logging initialized @472ms to org.seleniumhq.jetty9.util.log.StdErrLog
12:41:34.672 INFO [SeleniumServer.boot] - Selenium Server is up and running on port 4444
12:41:34.996 INFO [ActiveSessionFactory.apply] - Capabilities are: {
  "acceptSslCerts": true,
  "browserName": "firefox",
  "javascriptEnabled": true
}
12:41:34.998 INFO [ActiveSessionFactory.lambda$apply$11] - Matched factory org.openqa.selenium.remote.server.ServicedSession$Factory (provider: org.openqa.selenium.firefox.GeckoDriverService)
1534592495135	geckodriver	INFO	geckodriver 0.20.0
1534592495140	geckodriver	INFO	Listening on 127.0.0.1:31536
1534592495413	mozrunner::runner	INFO	Running command: "/Applications/Firefox.app/Contents/MacOS/firefox-bin" "-marionette" "-profile" "/var/folders/sc/8v1t1qw13l3504d6k76b82480000gn/T/rust_mozprofile.pBgFSEhKtui0"
2018-08-18 12:41:36.524 plugin-container[20045:3831417] *** CFMessagePort: bootstrap_register(): failed 1100 (0x44c) 'Permission denied', port = 0x743f, name = 'com.apple.tsm.portname'
See /usr/include/servers/bootstrap_defs.h for the error codes.
2018-08-18 12:41:36.636 plugin-container[20045:3831417] *** CFMessagePort: bootstrap_register(): failed 1100 (0x44c) 'Permission denied', port = 0x743f, name = 'com.apple.coredrag'
See /usr/include/servers/bootstrap_defs.h for the error codes.
2018-08-18 12:41:36.763 plugin-container[20046:3831441] *** CFMessagePort: bootstrap_register(): failed 1100 (0x44c) 'Permission denied', port = 0x8443, name = 'com.apple.tsm.portname'
See /usr/include/servers/bootstrap_defs.h for the error codes.
2018-08-18 12:41:36.865 plugin-container[20046:3831441] *** CFMessagePort: bootstrap_register(): failed 1100 (0x44c) 'Permission denied', port = 0x84cf, name = 'com.apple.coredrag'
See /usr/include/servers/bootstrap_defs.h for the error codes.
1534592496968	Marionette	INFO	Listening on port 58714
2018-08-18 12:41:37.454 plugin-container[20047:3831549] *** CFMessagePort: bootstrap_register(): failed 1100 (0x44c) 'Permission denied', port = 0x753f, name = 'com.apple.tsm.portname'
See /usr/include/servers/bootstrap_defs.h for the error codes.
12:41:37.465 INFO [ProtocolHandshake.createSession] - Detected dialect: W3C
12:41:37.500 INFO [RemoteSession$Factory.lambda$performHandshake$0] - Started new session 822bd651-85f7-d649-aff9-d8964a3089ca (org.openqa.selenium.firefox.GeckoDriverService)
2018-08-18 12:41:37.564 plugin-container[20047:3831549] *** CFMessagePort: bootstrap_register(): failed 1100 (0x44c) 'Permission denied', port = 0x74a7, name = 'com.apple.coredrag'
See /usr/include/servers/bootstrap_defs.h for the error codes.
JavaScript warning: https://www.googletagmanager.com/gtag/js?id=UA-116687069-1, line 69: unreachable code after return statement
JavaScript warning: https://www.googletagmanager.com/gtag/js?id=UA-116687069-1, line 69: unreachable code after return statement
1534592535262	addons.productaddons	WARN	Failed downloading via XHR, status: 0, reason: error
1534592535270	addons.productaddons	WARN	Failed downloading via XHR, status: 0, reason: error
*** UTM:SVC TimerManager:registerTimer called after profile-before-change notification. Ignoring timer registration for id: telemetry_modules_ping
1534592535970	geckodriver::marionette	ERROR	Failed to stop browser process
